<?xml version="1.0" encoding="UTF-8"?>
<testsuites>
  <testsuite name="" tests="3" assertions="3" errors="0" warnings="0" failures="1" skipped="0" time="10.858158">
    <testsuite name="Unit" tests="2" assertions="2" errors="0" warnings="0" failures="1" skipped="0" time="1.271049">
      <testsuite name="Tests\Unit\ExampleTest" file="C:\Users\Carlo\OneDrive\Documents\anderson\git\PBL-EngenhariaDeSoft2019.2\laravel\Scorpius\tests\Unit\ExampleTest.php" tests="1" assertions="1" errors="0" warnings="0" failures="0" skipped="0" time="0.040702">
        <testcase name="testBasicTest" class="Tests\Unit\ExampleTest" classname="Tests.Unit.ExampleTest" file="C:\Users\Carlo\OneDrive\Documents\anderson\git\PBL-EngenhariaDeSoft2019.2\laravel\Scorpius\tests\Unit\ExampleTest.php" line="14" assertions="1" time="0.040702"/>
      </testsuite>
      <testsuite name="Tests\Unit\PessoaDAOTest" file="C:\Users\Carlo\OneDrive\Documents\anderson\git\PBL-EngenhariaDeSoft2019.2\laravel\Scorpius\tests\Unit\PessoaDAOTest.php" tests="1" assertions="1" errors="0" warnings="0" failures="1" skipped="0" time="1.230347">
        <testcase name="testConexãoSGBD" class="Tests\Unit\PessoaDAOTest" classname="Tests.Unit.PessoaDAOTest" file="C:\Users\Carlo\OneDrive\Documents\anderson\git\PBL-EngenhariaDeSoft2019.2\laravel\Scorpius\tests\Unit\PessoaDAOTest.php" line="11" assertions="1" time="1.230347">
          <failure type="PHPUnit\Framework\ExpectationFailedException">Tests\Unit\PessoaDAOTest::testConexãoSGBD
Failed asserting that false is true.

C:\Users\Carlo\OneDrive\Documents\anderson\git\PBL-EngenhariaDeSoft2019.2\laravel\Scorpius\tests\Unit\PessoaDAOTest.php:17
</failure>
          <system-out> erro na conexão com o SGBD, O banco de dados foi iniciado ??</system-out>
        </testcase>
      </testsuite>
    </testsuite>
    <testsuite name="Feature" tests="1" assertions="1" errors="0" warnings="0" failures="0" skipped="0" time="9.587109">
      <testsuite name="Tests\Feature\ExampleTest" file="C:\Users\Carlo\OneDrive\Documents\anderson\git\PBL-EngenhariaDeSoft2019.2\laravel\Scorpius\tests\Feature\ExampleTest.php" tests="1" assertions="1" errors="0" warnings="0" failures="0" skipped="0" time="9.587109">
        <testcase name="testBasicTest" class="Tests\Feature\ExampleTest" classname="Tests.Feature.ExampleTest" file="C:\Users\Carlo\OneDrive\Documents\anderson\git\PBL-EngenhariaDeSoft2019.2\laravel\Scorpius\tests\Feature\ExampleTest.php" line="15" assertions="1" time="9.587109"/>
      </testsuite>
    </testsuite>
  </testsuite>
</testsuites>
